<?xml version="1.0" encoding="UTF-8"?>
<!-- Generated by org.testng.reporters.JUnitReportReporter -->
<testsuite hostname="sarasvati-Precision-Tower-3420" failures="0" tests="1" name="com.servicepoints.testCases.TC16_VerifyUpdateQuotation" time="42.768" errors="0" timestamp="2023-04-14T15:49:26 IST" skipped="0">
  <testcase classname="com.servicepoints.testCases.TC16_VerifyUpdateQuotation" name="verifyUpdateQuotation" time="42.768"/>
  <system-out/>
</testsuite> <!-- com.servicepoints.testCases.TC16_VerifyUpdateQuotation -->
